c:\users\user\source\repos\graphproject1\graphproject\graphproject\x64\debug\vc141.pdb
c:\users\user\source\repos\graphproject1\graphproject\graphproject\x64\debug\vc141.idb
c:\users\user\source\repos\graphproject1\graphproject\graphproject\x64\debug\graphprojectdlg.obj
c:\users\user\source\repos\graphproject1\graphproject\graphproject\x64\debug\graphproject.obj
c:\users\user\source\repos\graphproject1\graphproject\graphproject\x64\debug\graphproject.pch
c:\users\user\source\repos\graphproject1\graphproject\graphproject\x64\debug\stdafx.obj
c:\users\user\source\repos\graphproject1\graphproject\graphproject\x64\debug\node.obj
c:\users\user\source\repos\graphproject1\graphproject\x64\debug\graphproject.exe
c:\users\user\source\repos\graphproject1\graphproject\x64\debug\graphproject.ilk
c:\users\user\source\repos\graphproject1\graphproject\x64\debug\graphproject.pdb
c:\users\user\source\repos\graphproject1\graphproject\graphproject\x64\debug\graphproject.res
c:\users\user\source\repos\graphproject1\graphproject\graphproject\x64\debug\node.obj.enc
c:\users\user\source\repos\graphproject1\graphproject\graphproject\x64\debug\graphproject.tlog\cl.command.1.tlog
c:\users\user\source\repos\graphproject1\graphproject\graphproject\x64\debug\graphproject.tlog\cl.read.1.tlog
c:\users\user\source\repos\graphproject1\graphproject\graphproject\x64\debug\graphproject.tlog\cl.write.1.tlog
c:\users\user\source\repos\graphproject1\graphproject\graphproject\x64\debug\graphproject.tlog\link.command.1.tlog
c:\users\user\source\repos\graphproject1\graphproject\graphproject\x64\debug\graphproject.tlog\link.read.1.tlog
c:\users\user\source\repos\graphproject1\graphproject\graphproject\x64\debug\graphproject.tlog\link.write.1.tlog
c:\users\user\source\repos\graphproject1\graphproject\graphproject\x64\debug\graphproject.tlog\rc.command.1.tlog
c:\users\user\source\repos\graphproject1\graphproject\graphproject\x64\debug\graphproject.tlog\rc.read.1.tlog
c:\users\user\source\repos\graphproject1\graphproject\graphproject\x64\debug\graphproject.tlog\rc.write.1.tlog
