c:\users\user\source\repos\graphproject\graphproject\graphproject\x64\release\graphproject.pch
c:\users\user\source\repos\graphproject\graphproject\graphproject\x64\release\vc141.pdb
c:\users\user\source\repos\graphproject\graphproject\graphproject\x64\release\stdafx.obj
c:\users\user\source\repos\graphproject\graphproject\graphproject\x64\release\node.obj
c:\users\user\source\repos\graphproject\graphproject\graphproject\x64\release\graphprojectdlg.obj
c:\users\user\source\repos\graphproject\graphproject\graphproject\x64\release\graphproject.obj
c:\users\user\source\repos\graphproject\graphproject\x64\release\graphproject.ipdb
c:\users\user\source\repos\graphproject\graphproject\x64\release\graphproject.iobj
c:\users\user\source\repos\graphproject\graphproject\x64\release\graphproject.exe
c:\users\user\source\repos\graphproject\graphproject\x64\release\graphproject.pdb
c:\users\user\source\repos\graphproject\graphproject\graphproject\x64\release\graphproject.res
c:\users\user\source\repos\graphproject\graphproject\graphproject\x64\release\graphproject.tlog\cl.command.1.tlog
c:\users\user\source\repos\graphproject\graphproject\graphproject\x64\release\graphproject.tlog\cl.read.1.tlog
c:\users\user\source\repos\graphproject\graphproject\graphproject\x64\release\graphproject.tlog\cl.write.1.tlog
c:\users\user\source\repos\graphproject\graphproject\graphproject\x64\release\graphproject.tlog\graphproject.write.1u.tlog
c:\users\user\source\repos\graphproject\graphproject\graphproject\x64\release\graphproject.tlog\link.command.1.tlog
c:\users\user\source\repos\graphproject\graphproject\graphproject\x64\release\graphproject.tlog\link.read.1.tlog
c:\users\user\source\repos\graphproject\graphproject\graphproject\x64\release\graphproject.tlog\link.write.1.tlog
c:\users\user\source\repos\graphproject\graphproject\graphproject\x64\release\graphproject.tlog\rc.command.1.tlog
c:\users\user\source\repos\graphproject\graphproject\graphproject\x64\release\graphproject.tlog\rc.read.1.tlog
c:\users\user\source\repos\graphproject\graphproject\graphproject\x64\release\graphproject.tlog\rc.write.1.tlog
