c:\users\user\source\repos\graphproject\graphproject\debug\graphproject.pch
c:\users\user\source\repos\graphproject\graphproject\debug\vc141.pdb
c:\users\user\source\repos\graphproject\graphproject\debug\vc141.idb
c:\users\user\source\repos\graphproject\graphproject\debug\stdafx.obj
c:\users\user\source\repos\graphproject\graphproject\debug\graphprojectdlg.obj
c:\users\user\source\repos\graphproject\graphproject\debug\graphproject.obj
c:\users\user\source\repos\graphproject\graphproject\debug\drawspace.obj
c:\users\user\source\repos\graphproject\graphproject\debug\cdrawspace.obj
c:\users\user\source\repos\graphproject\debug\graphproject.exe
c:\users\user\source\repos\graphproject\debug\graphproject.ilk
c:\users\user\source\repos\graphproject\debug\graphproject.pdb
c:\users\user\source\repos\graphproject\graphproject\debug\graphproject.res
c:\users\user\source\repos\graphproject\graphproject\debug\graphproject.tlog\cl.command.1.tlog
c:\users\user\source\repos\graphproject\graphproject\debug\graphproject.tlog\cl.read.1.tlog
c:\users\user\source\repos\graphproject\graphproject\debug\graphproject.tlog\cl.write.1.tlog
c:\users\user\source\repos\graphproject\graphproject\debug\graphproject.tlog\link.command.1.tlog
c:\users\user\source\repos\graphproject\graphproject\debug\graphproject.tlog\link.read.1.tlog
c:\users\user\source\repos\graphproject\graphproject\debug\graphproject.tlog\link.write.1.tlog
c:\users\user\source\repos\graphproject\graphproject\debug\graphproject.tlog\rc.command.1.tlog
c:\users\user\source\repos\graphproject\graphproject\debug\graphproject.tlog\rc.read.1.tlog
c:\users\user\source\repos\graphproject\graphproject\debug\graphproject.tlog\rc.write.1.tlog
